# JRE version: Java(TM) SE Runtime Environment (8.0_331-b09) (build 1.8.0_331-b09)
# Java VM: Java HotSpot(TM) 64-Bit Server VM (25.331-b09 mixed mode windows-amd64 compressed oops)
Heap:
 PSYoungGen      total 425984K, used 88224K [0x00000000e0000000, 0x00000000fcc00000, 0x0000000100000000)
  eden space 398336K, 15% used [0x00000000e0000000,0x00000000e3b295c8,0x00000000f8500000)
  from space 27648K, 99% used [0x00000000fa980000,0x00000000fc47ebe8,0x00000000fc480000)
  to   space 36352K, 0% used [0x00000000f8500000,0x00000000f8500000,0x00000000fa880000)
 ParOldGen       total 150528K, used 76526K [0x00000000a0000000, 0x00000000a9300000, 0x00000000e0000000)
  object space 150528K, 50% used [0x00000000a0000000,0x00000000a4abbbd0,0x00000000a9300000)
 Metaspace       used 88578K, capacity 92580K, committed 92672K, reserved 1128448K
  class space    used 12026K, capacity 12752K, committed 12800K, reserved 1048576K
GC Heap History (10 events):
Event: 17.037 GC heap before
{Heap before GC invocations=11 (full 2):
 PSYoungGen      total 237568K, used 178446K [0x00000000e0000000, 0x00000000f0680000, 0x0000000100000000)
  eden space 224768K, 73% used [0x00000000e0000000,0x00000000ea1c8e88,0x00000000edb80000)
  from space 12800K, 99% used [0x00000000efa00000,0x00000000f067acd0,0x00000000f0680000)
  to   space 15360K, 0% used [0x00000000ee880000,0x00000000ee880000,0x00000000ef780000)
 ParOldGen       total 99328K, used 20301K [0x00000000a0000000, 0x00000000a6100000, 0x00000000e0000000)
  object space 99328K, 20% used [0x00000000a0000000,0x00000000a13d3688,0x00000000a6100000)
 Metaspace       used 57001K, capacity 59024K, committed 59136K, reserved 1099776K
  class space    used 7912K, capacity 8367K, committed 8448K, reserved 1048576K
Event: 17.092 GC heap after
Heap after GC invocations=11 (full 2):
 PSYoungGen      total 253440K, used 15357K [0x00000000e0000000, 0x00000000f6700000, 0x0000000100000000)
  eden space 238080K, 0% used [0x00000000e0000000,0x00000000e0000000,0x00000000ee880000)
  from space 15360K, 99% used [0x00000000ee880000,0x00000000ef77f620,0x00000000ef780000)
  to   space 22016K, 0% used [0x00000000f5180000,0x00000000f5180000,0x00000000f6700000)
 ParOldGen       total 99328K, used 33341K [0x00000000a0000000, 0x00000000a6100000, 0x00000000e0000000)
  object space 99328K, 33% used [0x00000000a0000000,0x00000000a208f6b0,0x00000000a6100000)
 Metaspace       used 57001K, capacity 59024K, committed 59136K, reserved 1099776K
  class space    used 7912K, capacity 8367K, committed 8448K, reserved 1048576K
}
Event: 17.092 GC heap before
{Heap before GC invocations=12 (full 3):
 PSYoungGen      total 253440K, used 15357K [0x00000000e0000000, 0x00000000f6700000, 0x0000000100000000)
  eden space 238080K, 0% used [0x00000000e0000000,0x00000000e0000000,0x00000000ee880000)
  from space 15360K, 99% used [0x00000000ee880000,0x00000000ef77f620,0x00000000ef780000)
  to   space 22016K, 0% used [0x00000000f5180000,0x00000000f5180000,0x00000000f6700000)
 ParOldGen       total 99328K, used 33341K [0x00000000a0000000, 0x00000000a6100000, 0x00000000e0000000)
  object space 99328K, 33% used [0x00000000a0000000,0x00000000a208f6b0,0x00000000a6100000)
 Metaspace       used 57001K, capacity 59024K, committed 59136K, reserved 1099776K
  class space    used 7912K, capacity 8367K, committed 8448K, reserved 1048576K
Event: 17.608 GC heap after
Heap after GC invocations=12 (full 3):
 PSYoungGen      total 253440K, used 0K [0x00000000e0000000, 0x00000000f6700000, 0x0000000100000000)
  eden space 238080K, 0% used [0x00000000e0000000,0x00000000e0000000,0x00000000ee880000)
  from space 15360K, 0% used [0x00000000ee880000,0x00000000ee880000,0x00000000ef780000)
  to   space 22016K, 0% used [0x00000000f5180000,0x00000000f5180000,0x00000000f6700000)
 ParOldGen       total 150528K, used 41260K [0x00000000a0000000, 0x00000000a9300000, 0x00000000e0000000)
  object space 150528K, 27% used [0x00000000a0000000,0x00000000a284b378,0x00000000a9300000)
 Metaspace       used 56975K, capacity 58934K, committed 59136K, reserved 1099776K
  class space    used 7904K, capacity 8352K, committed 8448K, reserved 1048576K
}
Event: 22.129 GC heap before
{Heap before GC invocations=13 (full 3):
 PSYoungGen      total 253440K, used 238080K [0x00000000e0000000, 0x00000000f6700000, 0x0000000100000000)
  eden space 238080K, 100% used [0x00000000e0000000,0x00000000ee880000,0x00000000ee880000)
  from space 15360K, 0% used [0x00000000ee880000,0x00000000ee880000,0x00000000ef780000)
  to   space 22016K, 0% used [0x00000000f5180000,0x00000000f5180000,0x00000000f6700000)
 ParOldGen       total 150528K, used 41260K [0x00000000a0000000, 0x00000000a9300000, 0x00000000e0000000)
  object space 150528K, 27% used [0x00000000a0000000,0x00000000a284b378,0x00000000a9300000)
 Metaspace       used 65325K, capacity 68484K, committed 68736K, reserved 1107968K
  class space    used 9164K, capacity 9770K, committed 9856K, reserved 1048576K
Event: 22.191 GC heap after
Heap after GC invocations=13 (full 3):
 PSYoungGen      total 338432K, used 21996K [0x00000000e0000000, 0x00000000f6800000, 0x0000000100000000)
  eden space 316416K, 0% used [0x00000000e0000000,0x00000000e0000000,0x00000000f3500000)
  from space 22016K, 99% used [0x00000000f5180000,0x00000000f66fb340,0x00000000f6700000)
  to   space 26112K, 0% used [0x00000000f3500000,0x00000000f3500000,0x00000000f4e80000)
 ParOldGen       total 150528K, used 44545K [0x00000000a0000000, 0x00000000a9300000, 0x00000000e0000000)
  object space 150528K, 29% used [0x00000000a0000000,0x00000000a2b80528,0x00000000a9300000)
 Metaspace       used 65325K, capacity 68484K, committed 68736K, reserved 1107968K
  class space    used 9164K, capacity 9770K, committed 9856K, reserved 1048576K
}
Event: 39.828 GC heap before
{Heap before GC invocations=14 (full 3):
 PSYoungGen      total 338432K, used 338412K [0x00000000e0000000, 0x00000000f6800000, 0x0000000100000000)
  eden space 316416K, 100% used [0x00000000e0000000,0x00000000f3500000,0x00000000f3500000)
  from space 22016K, 99% used [0x00000000f5180000,0x00000000f66fb340,0x00000000f6700000)
  to   space 26112K, 0% used [0x00000000f3500000,0x00000000f3500000,0x00000000f4e80000)
 ParOldGen       total 150528K, used 44545K [0x00000000a0000000, 0x00000000a9300000, 0x00000000e0000000)
  object space 150528K, 29% used [0x00000000a0000000,0x00000000a2b80528,0x00000000a9300000)
 Metaspace       used 73980K, capacity 77620K, committed 77952K, reserved 1116160K
  class space    used 10370K, capacity 11050K, committed 11136K, reserved 1048576K
Event: 39.893 GC heap after
Heap after GC invocations=14 (full 3):
 PSYoungGen      total 342528K, used 20965K [0x00000000e0000000, 0x00000000fc480000, 0x0000000100000000)
  eden space 316416K, 0% used [0x00000000e0000000,0x00000000e0000000,0x00000000f3500000)
  from space 26112K, 80% used [0x00000000f3500000,0x00000000f49796c0,0x00000000f4e80000)
  to   space 27648K, 0% used [0x00000000fa980000,0x00000000fa980000,0x00000000fc480000)
 ParOldGen       total 150528K, used 63407K [0x00000000a0000000, 0x00000000a9300000, 0x00000000e0000000)
  object space 150528K, 42% used [0x00000000a0000000,0x00000000a3debdd8,0x00000000a9300000)
 Metaspace       used 73980K, capacity 77620K, committed 77952K, reserved 1116160K
  class space    used 10370K, capacity 11050K, committed 11136K, reserved 1048576K
}
Event: 44.807 GC heap before
{Heap before GC invocations=15 (full 3):
 PSYoungGen      total 342528K, used 337381K [0x00000000e0000000, 0x00000000fc480000, 0x0000000100000000)
  eden space 316416K, 100% used [0x00000000e0000000,0x00000000f3500000,0x00000000f3500000)
  from space 26112K, 80% used [0x00000000f3500000,0x00000000f49796c0,0x00000000f4e80000)
  to   space 27648K, 0% used [0x00000000fa980000,0x00000000fa980000,0x00000000fc480000)
 ParOldGen       total 150528K, used 63407K [0x00000000a0000000, 0x00000000a9300000, 0x00000000e0000000)
  object space 150528K, 42% used [0x00000000a0000000,0x00000000a3debdd8,0x00000000a9300000)
 Metaspace       used 87635K, capacity 91490K, committed 91776K, reserved 1128448K
  class space    used 11895K, capacity 12651K, committed 12672K, reserved 1048576K
Event: 44.855 GC heap after
Heap after GC invocations=15 (full 3):
 PSYoungGen      total 425984K, used 27642K [0x00000000e0000000, 0x00000000fcc00000, 0x0000000100000000)
  eden space 398336K, 0% used [0x00000000e0000000,0x00000000e0000000,0x00000000f8500000)
  from space 27648K, 99% used [0x00000000fa980000,0x00000000fc47ebe8,0x00000000fc480000)
  to   space 36352K, 0% used [0x00000000f8500000,0x00000000f8500000,0x00000000fa880000)
 ParOldGen       total 150528K, used 76526K [0x00000000a0000000, 0x00000000a9300000, 0x00000000e0000000)
  object space 150528K, 50% used [0x00000000a0000000,0x00000000a4abbbd0,0x00000000a9300000)
 Metaspace       used 87635K, capacity 91490K, committed 91776K, reserved 1128448K
  class space    used 11895K, capacity 12651K, committed 12672K, reserved 1048576K
}

