# JRE version: Java(TM) SE Runtime Environment (8.0_331-b09) (build 1.8.0_331-b09)
# Java VM: Java HotSpot(TM) 64-Bit Server VM (25.331-b09 mixed mode windows-amd64 compressed oops)
Heap:
 PSYoungGen      total 231936K, used 8185K [0x00000000e0000000, 0x00000000f0080000, 0x0000000100000000)
  eden space 208384K, 3% used [0x00000000e0000000,0x00000000e07fe558,0x00000000ecb80000)
  from space 23552K, 0% used [0x00000000ee980000,0x00000000ee980000,0x00000000f0080000)
  to   space 16896K, 0% used [0x00000000ecb80000,0x00000000ecb80000,0x00000000edc00000)
 ParOldGen       total 168960K, used 33021K [0x00000000a0000000, 0x00000000aa500000, 0x00000000e0000000)
  object space 168960K, 19% used [0x00000000a0000000,0x00000000a203f420,0x00000000aa500000)
 Metaspace       used 57359K, capacity 59334K, committed 59648K, reserved 1099776K
  class space    used 7980K, capacity 8412K, committed 8448K, reserved 1048576K
GC Heap History (10 events):
Event: 8.410 GC heap before
{Heap before GC invocations=9 (full 2):
 PSYoungGen      total 132608K, used 9940K [0x00000000e0000000, 0x00000000eec80000, 0x0000000100000000)
  eden space 119808K, 0% used [0x00000000e0000000,0x00000000e0000000,0x00000000e7500000)
  from space 12800K, 77% used [0x00000000e7500000,0x00000000e7eb52e8,0x00000000e8180000)
  to   space 12800K, 0% used [0x00000000ee000000,0x00000000ee000000,0x00000000eec80000)
 ParOldGen       total 81408K, used 6658K [0x00000000a0000000, 0x00000000a4f80000, 0x00000000e0000000)
  object space 81408K, 8% used [0x00000000a0000000,0x00000000a0680a88,0x00000000a4f80000)
 Metaspace       used 34579K, capacity 35366K, committed 35496K, reserved 1079296K
  class space    used 4841K, capacity 5043K, committed 5120K, reserved 1048576K
Event: 8.634 GC heap after
Heap after GC invocations=9 (full 2):
 PSYoungGen      total 132608K, used 0K [0x00000000e0000000, 0x00000000eec80000, 0x0000000100000000)
  eden space 119808K, 0% used [0x00000000e0000000,0x00000000e0000000,0x00000000e7500000)
  from space 12800K, 0% used [0x00000000e7500000,0x00000000e7500000,0x00000000e8180000)
  to   space 12800K, 0% used [0x00000000ee000000,0x00000000ee000000,0x00000000eec80000)
 ParOldGen       total 128000K, used 16171K [0x00000000a0000000, 0x00000000a7d00000, 0x00000000e0000000)
  object space 128000K, 12% used [0x00000000a0000000,0x00000000a0fcadc0,0x00000000a7d00000)
 Metaspace       used 34579K, capacity 35366K, committed 35496K, reserved 1079296K
  class space    used 4841K, capacity 5043K, committed 5120K, reserved 1048576K
}
Event: 11.215 GC heap before
{Heap before GC invocations=10 (full 2):
 PSYoungGen      total 132608K, used 119808K [0x00000000e0000000, 0x00000000eec80000, 0x0000000100000000)
  eden space 119808K, 100% used [0x00000000e0000000,0x00000000e7500000,0x00000000e7500000)
  from space 12800K, 0% used [0x00000000e7500000,0x00000000e7500000,0x00000000e8180000)
  to   space 12800K, 0% used [0x00000000ee000000,0x00000000ee000000,0x00000000eec80000)
 ParOldGen       total 128000K, used 16171K [0x00000000a0000000, 0x00000000a7d00000, 0x00000000e0000000)
  object space 128000K, 12% used [0x00000000a0000000,0x00000000a0fcadc0,0x00000000a7d00000)
 Metaspace       used 44593K, capacity 45938K, committed 46208K, reserved 1089536K
  class space    used 6164K, capacity 6468K, committed 6528K, reserved 1048576K
Event: 11.243 GC heap after
Heap after GC invocations=10 (full 2):
 PSYoungGen      total 185856K, used 12785K [0x00000000e0000000, 0x00000000eec80000, 0x0000000100000000)
  eden space 173056K, 0% used [0x00000000e0000000,0x00000000e0000000,0x00000000ea900000)
  from space 12800K, 99% used [0x00000000ee000000,0x00000000eec7c5e0,0x00000000eec80000)
  to   space 16896K, 0% used [0x00000000ecb80000,0x00000000ecb80000,0x00000000edc00000)
 ParOldGen       total 128000K, used 22228K [0x00000000a0000000, 0x00000000a7d00000, 0x00000000e0000000)
  object space 128000K, 17% used [0x00000000a0000000,0x00000000a15b51c0,0x00000000a7d00000)
 Metaspace       used 44593K, capacity 45938K, committed 46208K, reserved 1089536K
  class space    used 6164K, capacity 6468K, committed 6528K, reserved 1048576K
}
Event: 17.964 GC heap before
{Heap before GC invocations=11 (full 2):
 PSYoungGen      total 185856K, used 185841K [0x00000000e0000000, 0x00000000eec80000, 0x0000000100000000)
  eden space 173056K, 100% used [0x00000000e0000000,0x00000000ea900000,0x00000000ea900000)
  from space 12800K, 99% used [0x00000000ee000000,0x00000000eec7c5e0,0x00000000eec80000)
  to   space 16896K, 0% used [0x00000000ecb80000,0x00000000ecb80000,0x00000000edc00000)
 ParOldGen       total 128000K, used 22228K [0x00000000a0000000, 0x00000000a7d00000, 0x00000000e0000000)
  object space 128000K, 17% used [0x00000000a0000000,0x00000000a15b51c0,0x00000000a7d00000)
 Metaspace       used 57043K, capacity 59032K, committed 59136K, reserved 1099776K
  class space    used 7913K, capacity 8359K, committed 8448K, reserved 1048576K
Event: 18.056 GC heap after
Heap after GC invocations=11 (full 2):
 PSYoungGen      total 225280K, used 16892K [0x00000000e0000000, 0x00000000f0080000, 0x0000000100000000)
  eden space 208384K, 0% used [0x00000000e0000000,0x00000000e0000000,0x00000000ecb80000)
  from space 16896K, 99% used [0x00000000ecb80000,0x00000000edbff320,0x00000000edc00000)
  to   space 23552K, 0% used [0x00000000ee980000,0x00000000ee980000,0x00000000f0080000)
 ParOldGen       total 128000K, used 34324K [0x00000000a0000000, 0x00000000a7d00000, 0x00000000e0000000)
  object space 128000K, 26% used [0x00000000a0000000,0x00000000a21853b8,0x00000000a7d00000)
 Metaspace       used 57043K, capacity 59032K, committed 59136K, reserved 1099776K
  class space    used 7913K, capacity 8359K, committed 8448K, reserved 1048576K
}
Event: 18.090 GC heap before
{Heap before GC invocations=12 (full 2):
 PSYoungGen      total 225280K, used 21068K [0x00000000e0000000, 0x00000000f0080000, 0x0000000100000000)
  eden space 208384K, 2% used [0x00000000e0000000,0x00000000e0413d00,0x00000000ecb80000)
  from space 16896K, 99% used [0x00000000ecb80000,0x00000000edbff320,0x00000000edc00000)
  to   space 23552K, 0% used [0x00000000ee980000,0x00000000ee980000,0x00000000f0080000)
 ParOldGen       total 128000K, used 34324K [0x00000000a0000000, 0x00000000a7d00000, 0x00000000e0000000)
  object space 128000K, 26% used [0x00000000a0000000,0x00000000a21853b8,0x00000000a7d00000)
 Metaspace       used 57085K, capacity 59040K, committed 59136K, reserved 1099776K
  class space    used 7917K, capacity 8363K, committed 8448K, reserved 1048576K
Event: 18.136 GC heap after
Heap after GC invocations=12 (full 2):
 PSYoungGen      total 231936K, used 8936K [0x00000000e0000000, 0x00000000f0080000, 0x0000000100000000)
  eden space 208384K, 0% used [0x00000000e0000000,0x00000000e0000000,0x00000000ecb80000)
  from space 23552K, 37% used [0x00000000ee980000,0x00000000ef23a020,0x00000000f0080000)
  to   space 16896K, 0% used [0x00000000ecb80000,0x00000000ecb80000,0x00000000edc00000)
 ParOldGen       total 128000K, used 42447K [0x00000000a0000000, 0x00000000a7d00000, 0x00000000e0000000)
  object space 128000K, 33% used [0x00000000a0000000,0x00000000a2973c60,0x00000000a7d00000)
 Metaspace       used 57085K, capacity 59040K, committed 59136K, reserved 1099776K
  class space    used 7917K, capacity 8363K, committed 8448K, reserved 1048576K
}
Event: 18.136 GC heap before
{Heap before GC invocations=13 (full 3):
 PSYoungGen      total 231936K, used 8936K [0x00000000e0000000, 0x00000000f0080000, 0x0000000100000000)
  eden space 208384K, 0% used [0x00000000e0000000,0x00000000e0000000,0x00000000ecb80000)
  from space 23552K, 37% used [0x00000000ee980000,0x00000000ef23a020,0x00000000f0080000)
  to   space 16896K, 0% used [0x00000000ecb80000,0x00000000ecb80000,0x00000000edc00000)
 ParOldGen       total 128000K, used 42447K [0x00000000a0000000, 0x00000000a7d00000, 0x00000000e0000000)
  object space 128000K, 33% used [0x00000000a0000000,0x00000000a2973c60,0x00000000a7d00000)
 Metaspace       used 57085K, capacity 59040K, committed 59136K, reserved 1099776K
  class space    used 7917K, capacity 8363K, committed 8448K, reserved 1048576K
Event: 18.768 GC heap after
Heap after GC invocations=13 (full 3):
 PSYoungGen      total 231936K, used 0K [0x00000000e0000000, 0x00000000f0080000, 0x0000000100000000)
  eden space 208384K, 0% used [0x00000000e0000000,0x00000000e0000000,0x00000000ecb80000)
  from space 23552K, 0% used [0x00000000ee980000,0x00000000ee980000,0x00000000f0080000)
  to   space 16896K, 0% used [0x00000000ecb80000,0x00000000ecb80000,0x00000000edc00000)
 ParOldGen       total 168960K, used 33021K [0x00000000a0000000, 0x00000000aa500000, 0x00000000e0000000)
  object space 168960K, 19% used [0x00000000a0000000,0x00000000a203f420,0x00000000aa500000)
 Metaspace       used 57057K, capacity 58944K, committed 59136K, reserved 1099776K
  class space    used 7908K, capacity 8347K, committed 8448K, reserved 1048576K
}

