# JRE version: Java(TM) SE Runtime Environment (8.0_331-b09) (build 1.8.0_331-b09)
# Java VM: Java HotSpot(TM) 64-Bit Server VM (25.331-b09 mixed mode windows-amd64 compressed oops)
Heap:
 PSYoungGen      total 265216K, used 213919K [0x00000000e0000000, 0x00000000f6400000, 0x0000000100000000)
  eden space 177152K, 85% used [0x00000000e0000000,0x00000000e934d520,0x00000000ead00000)
  from space 88064K, 71% used [0x00000000f0800000,0x00000000f459aab8,0x00000000f5e00000)
  to   space 93184K, 0% used [0x00000000ead00000,0x00000000ead00000,0x00000000f0800000)
 ParOldGen       total 472064K, used 92624K [0x00000000a0000000, 0x00000000bcd00000, 0x00000000e0000000)
  object space 472064K, 19% used [0x00000000a0000000,0x00000000a5a742a8,0x00000000bcd00000)
 Metaspace       used 109075K, capacity 113776K, committed 114048K, reserved 1148928K
  class space    used 14564K, capacity 15424K, committed 15488K, reserved 1048576K
GC Heap History (10 events):
Event: 79.850 GC heap before
{Heap before GC invocations=20 (full 3):
 PSYoungGen      total 196096K, used 138835K [0x00000000e0000000, 0x00000000f2900000, 0x0000000100000000)
  eden space 148992K, 61% used [0x00000000e0000000,0x00000000e5998e28,0x00000000e9180000)
  from space 47104K, 99% used [0x00000000ed080000,0x00000000efe7beb0,0x00000000efe80000)
  to   space 64512K, 0% used [0x00000000e9180000,0x00000000e9180000,0x00000000ed080000)
 ParOldGen       total 306176K, used 96128K [0x00000000a0000000, 0x00000000b2b00000, 0x00000000e0000000)
  object space 306176K, 31% used [0x00000000a0000000,0x00000000a5de03c0,0x00000000b2b00000)
 Metaspace       used 94530K, capacity 98436K, committed 98560K, reserved 1134592K
  class space    used 12732K, capacity 13480K, committed 13568K, reserved 1048576K
Event: 79.891 GC heap after
Heap after GC invocations=20 (full 3):
 PSYoungGen      total 213504K, used 23212K [0x00000000e0000000, 0x00000000f1a00000, 0x0000000100000000)
  eden space 148992K, 0% used [0x00000000e0000000,0x00000000e0000000,0x00000000e9180000)
  from space 64512K, 35% used [0x00000000e9180000,0x00000000ea82b230,0x00000000ed080000)
  to   space 61440K, 0% used [0x00000000ede00000,0x00000000ede00000,0x00000000f1a00000)
 ParOldGen       total 306176K, used 108204K [0x00000000a0000000, 0x00000000b2b00000, 0x00000000e0000000)
  object space 306176K, 35% used [0x00000000a0000000,0x00000000a69ab018,0x00000000b2b00000)
 Metaspace       used 94530K, capacity 98436K, committed 98560K, reserved 1134592K
  class space    used 12732K, capacity 13480K, committed 13568K, reserved 1048576K
}
Event: 79.891 GC heap before
{Heap before GC invocations=21 (full 4):
 PSYoungGen      total 213504K, used 23212K [0x00000000e0000000, 0x00000000f1a00000, 0x0000000100000000)
  eden space 148992K, 0% used [0x00000000e0000000,0x00000000e0000000,0x00000000e9180000)
  from space 64512K, 35% used [0x00000000e9180000,0x00000000ea82b230,0x00000000ed080000)
  to   space 61440K, 0% used [0x00000000ede00000,0x00000000ede00000,0x00000000f1a00000)
 ParOldGen       total 306176K, used 108204K [0x00000000a0000000, 0x00000000b2b00000, 0x00000000e0000000)
  object space 306176K, 35% used [0x00000000a0000000,0x00000000a69ab018,0x00000000b2b00000)
 Metaspace       used 94530K, capacity 98436K, committed 98560K, reserved 1134592K
  class space    used 12732K, capacity 13480K, committed 13568K, reserved 1048576K
Event: 80.285 GC heap after
Heap after GC invocations=21 (full 4):
 PSYoungGen      total 213504K, used 0K [0x00000000e0000000, 0x00000000f1a00000, 0x0000000100000000)
  eden space 148992K, 0% used [0x00000000e0000000,0x00000000e0000000,0x00000000e9180000)
  from space 64512K, 0% used [0x00000000e9180000,0x00000000e9180000,0x00000000ed080000)
  to   space 61440K, 0% used [0x00000000ede00000,0x00000000ede00000,0x00000000f1a00000)
 ParOldGen       total 472064K, used 76010K [0x00000000a0000000, 0x00000000bcd00000, 0x00000000e0000000)
  object space 472064K, 16% used [0x00000000a0000000,0x00000000a4a3a908,0x00000000bcd00000)
 Metaspace       used 94275K, capacity 97700K, committed 98560K, reserved 1134592K
  class space    used 12648K, capacity 13338K, committed 13568K, reserved 1048576K
}
Event: 82.736 GC heap before
{Heap before GC invocations=22 (full 4):
 PSYoungGen      total 213504K, used 148992K [0x00000000e0000000, 0x00000000f1a00000, 0x0000000100000000)
  eden space 148992K, 100% used [0x00000000e0000000,0x00000000e9180000,0x00000000e9180000)
  from space 64512K, 0% used [0x00000000e9180000,0x00000000e9180000,0x00000000ed080000)
  to   space 61440K, 0% used [0x00000000ede00000,0x00000000ede00000,0x00000000f1a00000)
 ParOldGen       total 472064K, used 76010K [0x00000000a0000000, 0x00000000bcd00000, 0x00000000e0000000)
  object space 472064K, 16% used [0x00000000a0000000,0x00000000a4a3a908,0x00000000bcd00000)
 Metaspace       used 100842K, capacity 105092K, committed 105216K, reserved 1140736K
  class space    used 13696K, capacity 14518K, committed 14592K, reserved 1048576K
Event: 82.818 GC heap after
Heap after GC invocations=22 (full 4):
 PSYoungGen      total 217088K, used 61435K [0x00000000e0000000, 0x00000000f3380000, 0x0000000100000000)
  eden space 155648K, 0% used [0x00000000e0000000,0x00000000e0000000,0x00000000e9800000)
  from space 61440K, 99% used [0x00000000ede00000,0x00000000f19fed70,0x00000000f1a00000)
  to   space 71680K, 0% used [0x00000000e9800000,0x00000000e9800000,0x00000000ede00000)
 ParOldGen       total 472064K, used 78746K [0x00000000a0000000, 0x00000000bcd00000, 0x00000000e0000000)
  object space 472064K, 16% used [0x00000000a0000000,0x00000000a4ce6bf0,0x00000000bcd00000)
 Metaspace       used 100842K, capacity 105092K, committed 105216K, reserved 1140736K
  class space    used 13696K, capacity 14518K, committed 14592K, reserved 1048576K
}
Event: 88.804 GC heap before
{Heap before GC invocations=23 (full 4):
 PSYoungGen      total 217088K, used 217083K [0x00000000e0000000, 0x00000000f3380000, 0x0000000100000000)
  eden space 155648K, 100% used [0x00000000e0000000,0x00000000e9800000,0x00000000e9800000)
  from space 61440K, 99% used [0x00000000ede00000,0x00000000f19fed70,0x00000000f1a00000)
  to   space 71680K, 0% used [0x00000000e9800000,0x00000000e9800000,0x00000000ede00000)
 ParOldGen       total 472064K, used 78746K [0x00000000a0000000, 0x00000000bcd00000, 0x00000000e0000000)
  object space 472064K, 16% used [0x00000000a0000000,0x00000000a4ce6bf0,0x00000000bcd00000)
 Metaspace       used 101103K, capacity 105392K, committed 105472K, reserved 1140736K
  class space    used 13698K, capacity 14520K, committed 14592K, reserved 1048576K
Event: 89.026 GC heap after
Heap after GC invocations=23 (full 4):
 PSYoungGen      total 227328K, used 71662K [0x00000000e0000000, 0x00000000f5e00000, 0x0000000100000000)
  eden space 155648K, 0% used [0x00000000e0000000,0x00000000e0000000,0x00000000e9800000)
  from space 71680K, 99% used [0x00000000e9800000,0x00000000eddfb920,0x00000000ede00000)
  to   space 88064K, 0% used [0x00000000f0800000,0x00000000f0800000,0x00000000f5e00000)
 ParOldGen       total 472064K, used 92616K [0x00000000a0000000, 0x00000000bcd00000, 0x00000000e0000000)
  object space 472064K, 19% used [0x00000000a0000000,0x00000000a5a722a8,0x00000000bcd00000)
 Metaspace       used 101103K, capacity 105392K, committed 105472K, reserved 1140736K
  class space    used 13698K, capacity 14520K, committed 14592K, reserved 1048576K
}
Event: 476.793 GC heap before
{Heap before GC invocations=24 (full 4):
 PSYoungGen      total 227328K, used 227310K [0x00000000e0000000, 0x00000000f5e00000, 0x0000000100000000)
  eden space 155648K, 100% used [0x00000000e0000000,0x00000000e9800000,0x00000000e9800000)
  from space 71680K, 99% used [0x00000000e9800000,0x00000000eddfb920,0x00000000ede00000)
  to   space 88064K, 0% used [0x00000000f0800000,0x00000000f0800000,0x00000000f5e00000)
 ParOldGen       total 472064K, used 92616K [0x00000000a0000000, 0x00000000bcd00000, 0x00000000e0000000)
  object space 472064K, 19% used [0x00000000a0000000,0x00000000a5a722a8,0x00000000bcd00000)
 Metaspace       used 108509K, capacity 113096K, committed 113280K, reserved 1146880K
  class space    used 14557K, capacity 15412K, committed 15488K, reserved 1048576K
Event: 476.881 GC heap after
Heap after GC invocations=24 (full 4):
 PSYoungGen      total 265216K, used 63082K [0x00000000e0000000, 0x00000000f6400000, 0x0000000100000000)
  eden space 177152K, 0% used [0x00000000e0000000,0x00000000e0000000,0x00000000ead00000)
  from space 88064K, 71% used [0x00000000f0800000,0x00000000f459aab8,0x00000000f5e00000)
  to   space 93184K, 0% used [0x00000000ead00000,0x00000000ead00000,0x00000000f0800000)
 ParOldGen       total 472064K, used 92624K [0x00000000a0000000, 0x00000000bcd00000, 0x00000000e0000000)
  object space 472064K, 19% used [0x00000000a0000000,0x00000000a5a742a8,0x00000000bcd00000)
 Metaspace       used 108509K, capacity 113096K, committed 113280K, reserved 1146880K
  class space    used 14557K, capacity 15412K, committed 15488K, reserved 1048576K
}

